<?xml version="1.0" encoding="UTF-8"?>
<!-- Generated by org.testng.reporters.JUnitXMLReporter -->
<testsuite ignored="0" hostname="LAPTOP-QLGVSIUB" failures="0" tests="4" name="Default test" time="27.391" errors="0" timestamp="2024-11-16T00:16:36 IST">
  <testcase classname="webTest.DashboardPageTest" name="verifyAdmin" time="2.164"/>
  <testcase classname="webTest.DashboardPageTest" name="VerifySearchWithUsername" time="4.002"/>
  <testcase classname="webTest.DashboardPageTest" name="VerifySerchWithUserRole" time="2.933"/>
  <testcase classname="webTest.DashboardPageTest" name="VerifySerchWithUserStatus" time="3.044"/>
</testsuite> <!-- Default test -->
