<?xml version="1.0" encoding="UTF-8"?>
<!-- Generated by org.testng.reporters.JUnitXMLReporter -->
<testsuite ignored="0" hostname="LAPTOP-QLGVSIUB" failures="2" tests="4" name="Test" time="37.168" errors="0" timestamp="2024-11-16T09:11:12 IST">
  <testcase classname="webtest.DataDrivenTest" name="testdatadriven" time="8.861"/>
  <testcase classname="webtest.DataDrivenTest" name="testdatadriven" time="8.043">
    <failure type="java.lang.AssertionError" message="Login Fail expected [true] but found [false]">
      <![CDATA[java.lang.AssertionError: Login Fail expected [true] but found [false]
at webtest.DataDrivenTest.testdatadriven(DataDrivenTest.java:43)
at java.base/java.util.ArrayList.forEach(ArrayList.java:1596)
... Removed 28 stack frames]]>
    </failure>
  </testcase> <!-- testdatadriven -->
  <testcase classname="webtest.DataDrivenTest" name="testdatadriven" time="10.195"/>
  <testcase classname="webtest.DataDrivenTest" name="testdatadriven" time="8.865">
    <failure type="java.lang.AssertionError" message="Login Fail expected [true] but found [false]">
      <![CDATA[java.lang.AssertionError: Login Fail expected [true] but found [false]
at webtest.DataDrivenTest.testdatadriven(DataDrivenTest.java:43)
at java.base/java.util.ArrayList.forEach(ArrayList.java:1596)
... Removed 28 stack frames]]>
    </failure>
  </testcase> <!-- testdatadriven -->
</testsuite> <!-- Test -->
