<?xml version="1.0" encoding="UTF-8"?>
<testng-results ignored="0" total="4" passed="4" failed="0" skipped="0">
  <reporter-output>
  </reporter-output>
  <suite started-at="2024-11-16T00:16:09 IST" name="Default suite" finished-at="2024-11-16T00:16:36 IST" duration-ms="27391">
    <groups>
    </groups>
    <test started-at="2024-11-16T00:16:09 IST" name="Default test" finished-at="2024-11-16T00:16:36 IST" duration-ms="27391">
      <class name="webTest.DashboardPageTest">
        <test-method is-config="true" signature="setUp()[pri:0, instance:webTest.DashboardPageTest@6b81ce95]" started-at="2024-11-16T00:16:09 IST" name="setUp" finished-at="2024-11-16T00:16:21 IST" duration-ms="12040" status="PASS">
          <reporter-output>
          </reporter-output>
        </test-method> <!-- setUp -->
        <test-method is-config="true" signature="pageSetup()[pri:0, instance:webTest.DashboardPageTest@6b81ce95]" started-at="2024-11-16T00:16:21 IST" name="pageSetup" finished-at="2024-11-16T00:16:24 IST" duration-ms="3140" status="PASS">
          <reporter-output>
          </reporter-output>
        </test-method> <!-- pageSetup -->
        <test-method signature="verifyAdmin()[pri:1, instance:webTest.DashboardPageTest@6b81ce95]" started-at="2024-11-16T00:16:24 IST" name="verifyAdmin" finished-at="2024-11-16T00:16:26 IST" duration-ms="2164" status="PASS">
          <reporter-output>
          </reporter-output>
        </test-method> <!-- verifyAdmin -->
        <test-method signature="VerifySearchWithUsername()[pri:2, instance:webTest.DashboardPageTest@6b81ce95]" started-at="2024-11-16T00:16:26 IST" name="VerifySearchWithUsername" finished-at="2024-11-16T00:16:30 IST" duration-ms="4002" status="PASS">
          <reporter-output>
          </reporter-output>
        </test-method> <!-- VerifySearchWithUsername -->
        <test-method signature="VerifySerchWithUserRole()[pri:3, instance:webTest.DashboardPageTest@6b81ce95]" started-at="2024-11-16T00:16:30 IST" name="VerifySerchWithUserRole" finished-at="2024-11-16T00:16:33 IST" duration-ms="2933" status="PASS">
          <reporter-output>
          </reporter-output>
        </test-method> <!-- VerifySerchWithUserRole -->
        <test-method signature="VerifySerchWithUserStatus()[pri:4, instance:webTest.DashboardPageTest@6b81ce95]" started-at="2024-11-16T00:16:33 IST" name="VerifySerchWithUserStatus" finished-at="2024-11-16T00:16:36 IST" duration-ms="3044" status="PASS">
          <reporter-output>
          </reporter-output>
        </test-method> <!-- VerifySerchWithUserStatus -->
      </class> <!-- webTest.DashboardPageTest -->
    </test> <!-- Default test -->
  </suite> <!-- Default suite -->
</testng-results>
